\o Program:		@(#)$CDS: cdsLibEditor version 6.1.7 - CAT35 10/11/2017 00:42 (sjfhw302) $
\o Sub version:		sub-version  s059 
\o Arguments:		-cdslib /clear/apps/cadence/IC617/share/cdssetup/cds.lib -mpssession virtuoso12094 -mpshost jade.clear.rice.edu 
\o Working Directory:	jade.clear.rice.edu:/storage-home/s/smh19/elec423/project/Part1/Part1_Adder
\o 64-bit offsets
\a nrSetWindowVisibility(cdsLibEditor "show")
\o Qt version: 		4.8.5
\o WARNING (CLE-120): The file "/clear/apps/cadence/IC617/share/cdssetup/cds.lib" is read only. 
\a nrSetWindowVisibility(errorDialog "show")
\a nrSetCurrentWindow(cdsLibEditor)
\a nrListItemAction(cdsLibEditor->mainTable 0 0)
\o Active cell: 0 0 "cdsDefTechLib"
\a nrSetCurrentWindow(errorDialog)
\a nrResizeWindow(errorDialog list(129 234 446 122))
\a nrResizeWindow(cdsLibEditor list(112 135 500 400))
\a errorDialog->errorOkButton->value = t
\a nrSetCurrentWindow(cdsLibEditor)
\a nrListItemAction(cdsLibEditor->mainTable 8 0)
\o Active cell: 8 0 ""
\a nrListItemAction(cdsLibEditor->mainTable 8 1)
\o Active cell: 8 1 ""
\a nrListItemAction(cdsLibEditor->mainTable 7 1)
\o Active cell: 7 1 "../../../etc/cdslib/artist/functional"
\a nrListItemAction(cdsLibEditor->mainTable 8 1)
\o Active cell: 8 1 ""
\a cdsLibEditor->editAddLibButton->value = t
\a newLibraryDialog->filePathComboBox->value = "/storage-home/s/smh19/elec423/project/Part1/Part1_Adder"
\a newLibraryDialog->filePathComboBox->value = "/clear/apps/cadence/IC617/share/cdssetup"
\a newLibraryDialog->useMappedName->value = nil
\a nrSetWindowVisibility(newLibraryDialog "show")
\a nrSetCurrentWindow(newLibraryDialog)
\a nrResizeWindow(newLibraryDialog list(87 39 531 513))
\a newLibraryDialog->cancelButton->value = t
\a nrSetCurrentWindow(cdsLibEditor)
\a cdsLibEditor->fileExitButton->value = t
\a nrSetWindowVisibility(cdsLibEditor "hide")
\a exit(0)
