\o Program:		@(#)$CDS: libManager version 6.1.7 - CAT35 10/11/2017 00:41 (sjfhw302) $
\o Sub version:		sub-version  s059 
\o Arguments:		-mpssession virtuoso32541 -mpshost jade.clear.rice.edu 
\o Working Directory:	jade.clear.rice.edu:/storage-home/s/smh19/elec423/project/Part1/Part1_Adder
\o 64-bit offsets
\o changeWorkingDir("/storage-home/s/smh19/elec423/project/Part1/Part1_Adder") unnecessary.
\o ddSetForcedLib("") unnecessary.
\a nrSetWindowVisibility(cdsLibManager "show")
\o MPS service: map window
\a nrResizeWindow(cdsLibManager list(418 104 750 608))
\a nrSetCurrentWindow(cdsLibManager)
\o Qt version: 		4.8.5
\o Log file is "/storage-home/s/smh19/elec423/project/Part1/Part1_Adder/libManager.log".
\o Opening libManager window.
\o Library Manager customization server connected.
\a cdsLibManager->libListBox->value = "Project"
\a cdsLibManager->libLineEdit->value = "Project"
\a lmgrLogShowPopup("mainListPopup0" 29 14 2 "Project")
\a cdsLibManager->editDeleteButton->value = t
\a deleteForm->deleteBothRadioButton->value = t
\a deleteForm->deleteFilterEdit->value = "*"
\a deleteForm->notDeleteFilterEdit->value = "*"
\a nrSetWindowVisibility(deleteForm "show")
\a nrSetCurrentWindow(deleteForm)
\a nrResizeWindow(deleteForm list(470 156 627 425))
\a deleteForm->OK->value = t
\o QUESTION (CLM-199): The following 1 items are marked for deletion.  Are you sure?
\a nrSetWindowVisibility(mcMBXDLG "show")
\a nrSetCurrentWindow(mcMBXDLG)
\a nrResizeWindow(mcMBXDLG list(606 214 518 334))
\a mcMBXDLG->pushButton1->value = t
\o Deleting 1 library.
\o Deleting library "Project".
\a nrSetWindowVisibility(workingDialogForm "show")
\a nrSetCurrentWindow(deleteForm)
\a nrSetCurrentWindow(cdsLibManager)
\a nrResizeWindow(workingDialogForm list(649 302 268 133))
\o Deleted library 'Project'.
\o Delete of library "Project" succeeded.
\o Deletion of library done.
\a nrSetCurrentWindow(workingDialogForm)
\a nrSetCurrentWindow(cdsLibManager)
\a cdsLibManager->libListBox->value = nil
\a cdsLibManager->libLineEdit->value = ""
\a cdsLibManager->FileNewLibButton->value = t
\a nrSetWindowVisibility(NewLibShell "show")
\a NewLibShell->QLineEdit2->value = "/storage-home/s/smh19/elec423/project/Part1/Part1_Adder/"
\a nrSetCurrentWindow(NewLibShell)
\a nrSetCurrentWindow(NewLibShell->subDialog)
\a nrResizeWindow(NewLibShell list(530 89 507 559))
\a NewLibShell->newLibNameText->value = "Project"
\a nrDialogAccept(NewLibShell)
\a NewLibShell->newLibOKButton->value = t
\a NewLibShell->subDialog->value = '("/storage-home/s/smh19/elec423/project/Part1/Part1_Adder" "/storage-home/s/smh19/elec423/project/Part1/Part1_Adder/")
\a nrSetWindowVisibility(workingDialogForm "show")
\a NewLibShell->newLibNameText->value = "Project"
\o Created new library "Project" at /storage-home/s/smh19/elec423/project/Part1/Part1_Adder/Project.
\a nrSetCurrentWindow(cdsLibManager)
\a nrResizeWindow(workingDialogForm list(649 302 268 133))
\a nrSetCurrentWindow(cdsLibManager)
\a nrSetCurrentWindow(cdsLibManager)
\o MPS service: shutdown
\o libManager is exiting.
\a nrSetWindowVisibility(cdsLibManager "hide")
\a exit(0)
